<?xml version="1.0" encoding="UTF-8"?>
<!-- Generated by org.testng.reporters.JUnitXMLReporter -->
<testsuite hostname="Deepikas-Macbook-Pro.local" name="search_books" tests="4" failures="0" timestamp="20 Feb 2018 07:55:17 GMT" time="36.583" errors="0">
  <testcase name="navigateToSite" time="10.7" classname="amazon_Test.BookDetailsTest"/>
  <testcase name="searchBooks" time="4.425" classname="amazon_Test.BookDetailsTest"/>
  <testcase name="getDetailsFromSearchPage" time="0.735" classname="amazon_Test.BookDetailsTest"/>
  <testcase name="getDetailsFromProductPage" time="17.958" classname="amazon_Test.BookDetailsTest"/>
</testsuite> <!-- search_books -->
