<?xml version="1.0" encoding="UTF-8"?>
<testng-results skipped="0" failed="0" total="4" passed="4">
  <reporter-output>
  </reporter-output>
  <suite name="Search" duration-ms="17807" started-at="2018-02-19T11:16:01Z" finished-at="2018-02-19T11:16:18Z">
    <groups>
    </groups>
    <test name="search_books" duration-ms="17807" started-at="2018-02-19T11:16:01Z" finished-at="2018-02-19T11:16:18Z">
      <class name="amazon_Test.BookDetailsTest">
        <test-method status="PASS" signature="setup(java.lang.String)[pri:0, instance:amazon_Test.BookDetailsTest@20e2cbe0]" name="setup" is-config="true" duration-ms="2665" started-at="2018-02-19T16:46:01Z" finished-at="2018-02-19T16:46:03Z">
          <params>
            <param index="0">
              <value>
                <![CDATA[Firefox]]>
              </value>
            </param>
          </params>
          <reporter-output>
          </reporter-output>
        </test-method> <!-- setup -->
        <test-method status="PASS" signature="navigateToSite(java.lang.String)[pri:1, instance:amazon_Test.BookDetailsTest@20e2cbe0]" name="navigateToSite" duration-ms="4731" started-at="2018-02-19T16:46:03Z" finished-at="2018-02-19T16:46:08Z">
          <params>
            <param index="0">
              <value>
                <![CDATA[https://www.amazon.com/]]>
              </value>
            </param>
          </params>
          <reporter-output>
          </reporter-output>
        </test-method> <!-- navigateToSite -->
        <test-method status="PASS" signature="searchBooks()[pri:2, instance:amazon_Test.BookDetailsTest@20e2cbe0]" name="searchBooks" duration-ms="3464" started-at="2018-02-19T16:46:08Z" finished-at="2018-02-19T16:46:11Z">
          <reporter-output>
          </reporter-output>
        </test-method> <!-- searchBooks -->
        <test-method status="PASS" signature="getDetailsFromSearchPage()[pri:3, instance:amazon_Test.BookDetailsTest@20e2cbe0]" name="getDetailsFromSearchPage" duration-ms="1756" started-at="2018-02-19T16:46:11Z" finished-at="2018-02-19T16:46:13Z">
          <reporter-output>
          </reporter-output>
        </test-method> <!-- getDetailsFromSearchPage -->
        <test-method status="PASS" signature="getDetailsFromProductPage()[pri:4, instance:amazon_Test.BookDetailsTest@20e2cbe0]" name="getDetailsFromProductPage" duration-ms="4943" started-at="2018-02-19T16:46:13Z" finished-at="2018-02-19T16:46:18Z">
          <reporter-output>
          </reporter-output>
        </test-method> <!-- getDetailsFromProductPage -->
        <test-method status="PASS" signature="close()[pri:0, instance:amazon_Test.BookDetailsTest@20e2cbe0]" name="close" is-config="true" duration-ms="229" started-at="2018-02-19T16:46:18Z" finished-at="2018-02-19T16:46:18Z">
          <reporter-output>
          </reporter-output>
        </test-method> <!-- close -->
      </class> <!-- amazon_Test.BookDetailsTest -->
    </test> <!-- search_books -->
  </suite> <!-- Search -->
</testng-results>
