<?xml version="1.0" encoding="UTF-8"?>
<testng-results skipped="0" failed="0" total="4" passed="4">
  <reporter-output>
  </reporter-output>
  <suite name="Search" duration-ms="36583" started-at="2018-02-20T07:54:40Z" finished-at="2018-02-20T07:55:17Z">
    <groups>
    </groups>
    <test name="search_books" duration-ms="36583" started-at="2018-02-20T07:54:40Z" finished-at="2018-02-20T07:55:17Z">
      <class name="amazon_Test.BookDetailsTest">
        <test-method status="PASS" signature="setup(java.lang.String)[pri:0, instance:amazon_Test.BookDetailsTest@2a2d45ba]" name="setup" is-config="true" duration-ms="2517" started-at="2018-02-20T13:24:40Z" finished-at="2018-02-20T13:24:43Z">
          <params>
            <param index="0">
              <value>
                <![CDATA[Firefox]]>
              </value>
            </param>
          </params>
          <reporter-output>
          </reporter-output>
        </test-method> <!-- setup -->
        <test-method status="PASS" signature="navigateToSite()[pri:1, instance:amazon_Test.BookDetailsTest@2a2d45ba]" name="navigateToSite" duration-ms="10700" started-at="2018-02-20T13:24:43Z" finished-at="2018-02-20T13:24:53Z">
          <reporter-output>
          </reporter-output>
        </test-method> <!-- navigateToSite -->
        <test-method status="PASS" signature="searchBooks()[pri:2, instance:amazon_Test.BookDetailsTest@2a2d45ba]" name="searchBooks" duration-ms="4425" started-at="2018-02-20T13:24:53Z" finished-at="2018-02-20T13:24:58Z">
          <reporter-output>
          </reporter-output>
        </test-method> <!-- searchBooks -->
        <test-method status="PASS" signature="getDetailsFromSearchPage()[pri:3, instance:amazon_Test.BookDetailsTest@2a2d45ba]" name="getDetailsFromSearchPage" duration-ms="735" started-at="2018-02-20T13:24:58Z" finished-at="2018-02-20T13:24:59Z">
          <reporter-output>
          </reporter-output>
        </test-method> <!-- getDetailsFromSearchPage -->
        <test-method status="PASS" signature="getDetailsFromProductPage()[pri:4, instance:amazon_Test.BookDetailsTest@2a2d45ba]" name="getDetailsFromProductPage" duration-ms="17958" started-at="2018-02-20T13:24:59Z" finished-at="2018-02-20T13:25:17Z">
          <reporter-output>
          </reporter-output>
        </test-method> <!-- getDetailsFromProductPage -->
        <test-method status="PASS" signature="close()[pri:0, instance:amazon_Test.BookDetailsTest@2a2d45ba]" name="close" is-config="true" duration-ms="230" started-at="2018-02-20T13:25:17Z" finished-at="2018-02-20T13:25:17Z">
          <reporter-output>
          </reporter-output>
        </test-method> <!-- close -->
      </class> <!-- amazon_Test.BookDetailsTest -->
    </test> <!-- search_books -->
  </suite> <!-- Search -->
</testng-results>
