<?xml version="1.0" encoding="UTF-8"?>
<!-- Generated by org.testng.reporters.JUnitReportReporter -->
<testsuite hostname="Deepikas-Macbook-Pro.local" name="amazon_Test.BookDetailsTest" tests="4" failures="0" timestamp="19 Feb 2018 11:16:23 GMT" time="14.894" errors="0">
  <testcase name="getDetailsFromSearchPage" time="1.756" classname="amazon_Test.BookDetailsTest"/>
  <testcase name="navigateToSite" time="4.731" classname="amazon_Test.BookDetailsTest"/>
  <testcase name="getDetailsFromProductPage" time="4.943" classname="amazon_Test.BookDetailsTest"/>
  <testcase name="searchBooks" time="3.464" classname="amazon_Test.BookDetailsTest"/>
</testsuite> <!-- amazon_Test.BookDetailsTest -->
