<?xml version="1.0" encoding="UTF-8"?>
<!-- Generated by org.testng.reporters.JUnitReportReporter -->
<testsuite hostname="Deepikas-Macbook-Pro.local" name="amazon_Test.BookDetailsTest" tests="4" failures="0" timestamp="20 Feb 2018 07:55:17 GMT" time="33.818" errors="0">
  <testcase name="searchBooks" time="4.425" classname="amazon_Test.BookDetailsTest"/>
  <testcase name="navigateToSite" time="10.700" classname="amazon_Test.BookDetailsTest"/>
  <testcase name="getDetailsFromProductPage" time="17.958" classname="amazon_Test.BookDetailsTest"/>
  <testcase name="getDetailsFromSearchPage" time="0.735" classname="amazon_Test.BookDetailsTest"/>
</testsuite> <!-- amazon_Test.BookDetailsTest -->
